H:\CODES\PRACTICEVSCPP\DEBUG\PRACTICEVSCPP.EXE
H:\CODES\PRACTICEVSCPP\DEBUG\PRACTICEVSCPP.ILK
H:\CODES\PRACTICEVSCPP\DEBUG\PRACTICEVSCPP.PDB
H:\codes\practiceVsCpp\practiceVsCpp\Debug\cl.command.1.tlog
H:\codes\practiceVsCpp\practiceVsCpp\Debug\CL.read.1.tlog
H:\codes\practiceVsCpp\practiceVsCpp\Debug\CL.write.1.tlog
H:\CODES\PRACTICEVSCPP\PRACTICEVSCPP\DEBUG\EX13.3.OBJ
H:\codes\practiceVsCpp\practiceVsCpp\Debug\link.5804.read.1.tlog
H:\codes\practiceVsCpp\practiceVsCpp\Debug\link.5804.write.1.tlog
H:\codes\practiceVsCpp\practiceVsCpp\Debug\link.5804-cvtres.read.1.tlog
H:\codes\practiceVsCpp\practiceVsCpp\Debug\link.5804-cvtres.write.1.tlog
H:\codes\practiceVsCpp\practiceVsCpp\Debug\link.command.1.tlog
H:\codes\practiceVsCpp\practiceVsCpp\Debug\link.read.1.tlog
H:\codes\practiceVsCpp\practiceVsCpp\Debug\link.write.1.tlog
H:\codes\practiceVsCpp\practiceVsCpp\Debug\link-cvtres.read.1.tlog
H:\codes\practiceVsCpp\practiceVsCpp\Debug\link-cvtres.write.1.tlog
H:\codes\practiceVsCpp\practiceVsCpp\Debug\mt.command.1.tlog
H:\codes\practiceVsCpp\practiceVsCpp\Debug\mt.read.1.tlog
H:\codes\practiceVsCpp\practiceVsCpp\Debug\mt.write.1.tlog
H:\CODES\PRACTICEVSCPP\PRACTICEVSCPP\DEBUG\PRACTICEVSCPP.EXE.EMBED.MANIFEST
H:\CODES\PRACTICEVSCPP\PRACTICEVSCPP\DEBUG\PRACTICEVSCPP.EXE.EMBED.MANIFEST.RES
H:\CODES\PRACTICEVSCPP\PRACTICEVSCPP\DEBUG\PRACTICEVSCPP.EXE.INTERMEDIATE.MANIFEST
H:\codes\practiceVsCpp\practiceVsCpp\Debug\practiceVsCpp_manifest.rc
H:\codes\practiceVsCpp\practiceVsCpp\Debug\rc.command.1.tlog
H:\codes\practiceVsCpp\practiceVsCpp\Debug\rc.read.1.tlog
H:\codes\practiceVsCpp\practiceVsCpp\Debug\rc.write.1.tlog
H:\codes\practiceVsCpp\practiceVsCpp\Debug\vc100.idb
H:\CODES\PRACTICEVSCPP\PRACTICEVSCPP\DEBUG\VC100.PDB
